[debug] [2025-04-25T01:56:54.426Z] ----------------------------------------------------------------------
[debug] [2025-04-25T01:56:54.428Z] Command:       /usr/local/share/nvm/versions/node/v22.14.0/bin/node /usr/local/share/nvm/versions/node/v22.14.0/bin/firebase init
[debug] [2025-04-25T01:56:54.428Z] CLI Version:   14.2.1
[debug] [2025-04-25T01:56:54.428Z] Platform:      linux
[debug] [2025-04-25T01:56:54.428Z] Node Version:  v22.14.0
[debug] [2025-04-25T01:56:54.429Z] Time:          Fri Apr 25 2025 01:56:54 GMT+0000 (Coordinated Universal Time)
[debug] [2025-04-25T01:56:54.429Z] Env Overrides: GITHUB_API_URL, GITHUB_API_URL
[debug] [2025-04-25T01:56:54.429Z] ----------------------------------------------------------------------
[debug] 
[debug] [2025-04-25T01:56:54.433Z] > command requires scopes: ["email","openid","https://www.googleapis.com/auth/cloudplatformprojects.readonly","https://www.googleapis.com/auth/firebase","https://www.googleapis.com/auth/cloud-platform"]
[debug] [2025-04-25T01:56:54.433Z] > authorizing via signed-in user (tyinplop@gmail.com)
[info] 
     ######## #### ########  ######## ########     ###     ######  ########
     ##        ##  ##     ## ##       ##     ##  ##   ##  ##       ##
     ######    ##  ########  ######   ########  #########  ######  ######
     ##        ##  ##    ##  ##       ##     ## ##     ##       ## ##
     ##       #### ##     ## ######## ########  ##     ##  ######  ########

You're about to initialize a Firebase project in this directory:

  /workspaces/CSC325ClassProject/website

Before we get started, keep in mind:

  * You are currently outside your home directory

[info] 
=== Project Setup
[info] 
[info] First, let's associate this project directory with a Firebase project.
[info] You can create multiple project aliases by running firebase use --add, 
[info] but for now we'll just set up a default project.
[info] 
[debug] [2025-04-25T01:57:04.037Z] Checked if tokens are valid: true, expires at: 1745549606326
[debug] [2025-04-25T01:57:04.037Z] Checked if tokens are valid: true, expires at: 1745549606326
[debug] [2025-04-25T01:57:04.038Z] >>> [apiv2][query] GET https://firebase.googleapis.com/v1beta1/projects pageSize=100
[debug] [2025-04-25T01:57:04.532Z] <<< [apiv2][status] GET https://firebase.googleapis.com/v1beta1/projects 200
[debug] [2025-04-25T01:57:04.532Z] <<< [apiv2][body] GET https://firebase.googleapis.com/v1beta1/projects [omitted]
[info] i  Using project csc325classproject-5b077 (CSC325ClassProject) 
[info] 
=== Hosting Setup
[debug] [2025-04-25T01:57:06.067Z] Checked if tokens are valid: true, expires at: 1745549606326
[debug] [2025-04-25T01:57:06.067Z] Checked if tokens are valid: true, expires at: 1745549606326
[debug] [2025-04-25T01:57:06.067Z] >>> [apiv2][query] GET https://firebase.googleapis.com/v1beta1/projects/csc325classproject-5b077 [none]
[debug] [2025-04-25T01:57:06.512Z] <<< [apiv2][status] GET https://firebase.googleapis.com/v1beta1/projects/csc325classproject-5b077 200
[debug] [2025-04-25T01:57:06.513Z] <<< [apiv2][body] GET https://firebase.googleapis.com/v1beta1/projects/csc325classproject-5b077 {"projectId":"csc325classproject-5b077","projectNumber":"183600669449","displayName":"CSC325ClassProject","name":"projects/csc325classproject-5b077","resources":{"hostingSite":"csc325classproject-5b077"},"state":"ACTIVE","etag":"1_dbad325f-ef20-43e9-9482-8036e63f670d"}
[info] 
[info] Your public directory is the folder (relative to your project directory) that
[info] will contain Hosting assets to be uploaded with firebase deploy. If you
[info] have a build process for your assets, use your build's output directory.
[info] 
[info] ✔  Wrote out/404.html 
[debug] [2025-04-25T01:57:26.483Z] >>> [apiv2][query] GET https://www.gstatic.com/firebasejs/releases.json [none]
[debug] [2025-04-25T01:57:26.513Z] <<< [apiv2][status] GET https://www.gstatic.com/firebasejs/releases.json 200
[debug] [2025-04-25T01:57:26.513Z] <<< [apiv2][body] GET https://www.gstatic.com/firebasejs/releases.json {"current":{"version":"11.6.1","browserURL":"https://www.gstatic.com/firebasejs/11.6.1/firebase.js","packageURL":"https://www.gstatic.com/firebasejs/11.6.1/firebase.tgz"},"live":{"version":"11.6","browserURL":"https://www.gstatic.com/firebasejs/live/11.6/firebase.js","packageURL":"https://www.gstatic.com/firebasejs/live/11.6/firebase.tgz"},"components":{"analytics":"https://www.gstatic.com/firebasejs/11.6.1/firebase-analytics.js","app":"https://www.gstatic.com/firebasejs/11.6.1/firebase-app.js","app-check":"https://www.gstatic.com/firebasejs/11.6.1/firebase-app-check.js","auth":"https://www.gstatic.com/firebasejs/11.6.1/firebase-auth.js","auth/cordova":"https://www.gstatic.com/firebasejs/11.6.1/firebase-auth/cordova.js","auth/web-extension":"https://www.gstatic.com/firebasejs/11.6.1/firebase-auth/web-extension.js","functions":"https://www.gstatic.com/firebasejs/11.6.1/firebase-functions.js","firestore":"https://www.gstatic.com/firebasejs/11.6.1/firebase-firestore.js","firestore/lite":"https://www.gstatic.com/firebasejs/11.6.1/firebase-firestore/lite.js","installations":"https://www.gstatic.com/firebasejs/11.6.1/firebase-installations.js","storage":"https://www.gstatic.com/firebasejs/11.6.1/firebase-storage.js","performance":"https://www.gstatic.com/firebasejs/11.6.1/firebase-performance.js","remote-config":"https://www.gstatic.com/firebasejs/11.6.1/firebase-remote-config.js","messaging":"https://www.gstatic.com/firebasejs/11.6.1/firebase-messaging.js","messaging/sw":"https://www.gstatic.com/firebasejs/11.6.1/firebase-messaging/sw.js","database":"https://www.gstatic.com/firebasejs/11.6.1/firebase-database.js","vertexai":"https://www.gstatic.com/firebasejs/11.6.1/firebase-vertexai.js","data-connect":"https://www.gstatic.com/firebasejs/11.6.1/firebase-data-connect.js","firestore.memory":"https://www.gstatic.com/firebasejs/11.6.1/firebase-firestore.memory.js"}}
[info] ✔  Wrote out/index.html 
[info] 
[info] i  Detected a .git folder at /workspaces/CSC325ClassProject 
[info] i  Authorizing with GitHub to upload your service account to a GitHub repository's secrets store. 
[info] 
[info] Visit this URL on this device to log in:
[info] https://github.com/login/oauth/authorize?client_id=89cf50f02ac6aaed3484&state=524409988&redirect_uri=http%3A%2F%2Flocalhost%3A9005&scope=read%3Auser%20repo%20public_repo
[info] 
[info] Waiting for authentication...
